C51 COMPILER V9.00   MAIN                                                                  04/01/2020 12:41:19 PAGE 1   


C51 COMPILER V9.00, COMPILATION OF MODULE MAIN
OBJECT MODULE PLACED IN main.OBJ
COMPILER INVOKED BY: D:\Keil\C51\BIN\C51.EXE main.c BROWSE DEBUG OBJECTEXTEND

line level    source

   1          #include "pwm.h"
   2          static uint Pwmscale=30;  //pwm的初值 25%
   3          
   4          
   5          void main  ()
   6          {
   7   1              init();
   8   1              pwmset(Pwmscale);   //设置初值
   9   1                      while(1)
  10   1                      {
  11   2                      }
  12   1       
  13   1      }


MODULE INFORMATION:   STATIC OVERLAYABLE
   CODE SIZE        =     12    ----
   CONSTANT SIZE    =   ----    ----
   XDATA SIZE       =   ----    ----
   PDATA SIZE       =   ----    ----
   DATA SIZE        =      2    ----
   IDATA SIZE       =   ----    ----
   BIT SIZE         =   ----    ----
END OF MODULE INFORMATION.


C51 COMPILATION COMPLETE.  0 WARNING(S),  0 ERROR(S)
